# JRE version: Java(TM) SE Runtime Environment (25.0.2+10) (build 25.0.2+10-LTS-69)
# Java VM: Java HotSpot(TM) 64-Bit Server VM (25.0.2+10-LTS-69, mixed mode, sharing, tiered, compressed oops, compressed class ptrs, g1 gc, windows-amd64)
GC Precious Log:
 CardTable entry size: 512
 Card Set container configuration: InlinePtr #cards 4 size 8 Array Of Cards #cards 16 size 48 Howl #buckets 8 coarsen threshold 3686 Howl Bitmap #cards 512 size 80 coarsen threshold 460 Card regions per heap region 1 cards per card region 4096
 CPUs: 8 total, 8 available
 Memory: 12190M
 Large Page Support: Disabled
 NUMA Support: Disabled
 Compressed Oops: Enabled (Zero based)
 Heap Region Size: 2M
 Heap Min Capacity: 8M
 Heap Initial Capacity: 192M
 Heap Max Capacity: 3048M
 Pre-touch: Disabled
 Parallel Workers: 8
 Concurrent Workers: 2
 Concurrent Refinement Workers: 8
 Periodic GC: Disabled
Heap:
 garbage-first heap   total reserved 3121152K, committed 139264K, used 68852K [0x0000000741800000, 0x0000000800000000)
  region size 2048K, 11 young (22528K), 4 survivors (8192K)
GC Heap Usage History (20 events):
Event: 7.919 {heap Before GC invocations=9 (full 0):
 garbage-first heap   total reserved 3121152K, committed 90112K, used 67126K [0x0000000741800000, 0x0000000800000000)
  region size 2048K, 20 young (40960K), 3 survivors (6144K)
}
Event: 7.929 {heap After GC invocations=10 (full 0):
 garbage-first heap   total reserved 3121152K, committed 108544K, used 36368K [0x0000000741800000, 0x0000000800000000)
  region size 2048K, 3 young (6144K), 3 survivors (6144K)
}
Event: 8.795 {heap Before GC invocations=11 (full 0):
 garbage-first heap   total reserved 3121152K, committed 108544K, used 89616K [0x0000000741800000, 0x0000000800000000)
  region size 2048K, 29 young (59392K), 3 survivors (6144K)
}
Event: 8.810 {heap After GC invocations=12 (full 0):
 garbage-first heap   total reserved 3121152K, committed 108544K, used 39099K [0x0000000741800000, 0x0000000800000000)
  region size 2048K, 4 young (8192K), 4 survivors (8192K)
}
Event: 9.408 {heap Before GC invocations=12 (full 0):
 garbage-first heap   total reserved 3121152K, committed 108544K, used 92347K [0x0000000741800000, 0x0000000800000000)
  region size 2048K, 30 young (61440K), 4 survivors (8192K)
}
Event: 9.427 {heap After GC invocations=13 (full 0):
 garbage-first heap   total reserved 3121152K, committed 108544K, used 41307K [0x0000000741800000, 0x0000000800000000)
  region size 2048K, 3 young (6144K), 3 survivors (6144K)
}
Event: 10.906 {heap Before GC invocations=13 (full 0):
 garbage-first heap   total reserved 3121152K, committed 108544K, used 92507K [0x0000000741800000, 0x0000000800000000)
  region size 2048K, 28 young (57344K), 3 survivors (6144K)
}
Event: 10.919 {heap After GC invocations=14 (full 0):
 garbage-first heap   total reserved 3121152K, committed 108544K, used 44060K [0x0000000741800000, 0x0000000800000000)
  region size 2048K, 3 young (6144K), 3 survivors (6144K)
}
Event: 11.510 {heap Before GC invocations=14 (full 0):
 garbage-first heap   total reserved 3121152K, committed 108544K, used 95260K [0x0000000741800000, 0x0000000800000000)
  region size 2048K, 28 young (57344K), 3 survivors (6144K)
}
Event: 11.522 {heap After GC invocations=15 (full 0):
 garbage-first heap   total reserved 3121152K, committed 108544K, used 46020K [0x0000000741800000, 0x0000000800000000)
  region size 2048K, 3 young (6144K), 3 survivors (6144K)
}
Event: 12.157 {heap Before GC invocations=16 (full 0):
 garbage-first heap   total reserved 3121152K, committed 108544K, used 97220K [0x0000000741800000, 0x0000000800000000)
  region size 2048K, 28 young (57344K), 3 survivors (6144K)
}
Event: 12.169 {heap After GC invocations=17 (full 0):
 garbage-first heap   total reserved 3121152K, committed 108544K, used 48557K [0x0000000741800000, 0x0000000800000000)
  region size 2048K, 3 young (6144K), 3 survivors (6144K)
}
Event: 12.924 {heap Before GC invocations=17 (full 0):
 garbage-first heap   total reserved 3121152K, committed 108544K, used 93613K [0x0000000741800000, 0x0000000800000000)
  region size 2048K, 26 young (53248K), 3 survivors (6144K)
}
Event: 12.954 {heap After GC invocations=18 (full 0):
 garbage-first heap   total reserved 3121152K, committed 108544K, used 49449K [0x0000000741800000, 0x0000000800000000)
  region size 2048K, 3 young (6144K), 3 survivors (6144K)
}
Event: 13.761 {heap Before GC invocations=18 (full 0):
 garbage-first heap   total reserved 3121152K, committed 108544K, used 98601K [0x0000000741800000, 0x0000000800000000)
  region size 2048K, 27 young (55296K), 3 survivors (6144K)
}
Event: 13.792 {heap After GC invocations=19 (full 0):
 garbage-first heap   total reserved 3121152K, committed 133120K, used 52431K [0x0000000741800000, 0x0000000800000000)
  region size 2048K, 4 young (8192K), 4 survivors (8192K)
}
Event: 14.594 {heap Before GC invocations=20 (full 0):
 garbage-first heap   total reserved 3121152K, committed 133120K, used 120015K [0x0000000741800000, 0x0000000800000000)
  region size 2048K, 37 young (75776K), 4 survivors (8192K)
}
Event: 14.611 {heap After GC invocations=21 (full 0):
 garbage-first heap   total reserved 3121152K, committed 133120K, used 55002K [0x0000000741800000, 0x0000000800000000)
  region size 2048K, 4 young (8192K), 4 survivors (8192K)
}
Event: 16.425 {heap Before GC invocations=21 (full 0):
 garbage-first heap   total reserved 3121152K, committed 133120K, used 122586K [0x0000000741800000, 0x0000000800000000)
  region size 2048K, 37 young (75776K), 4 survivors (8192K)
}
Event: 16.449 {heap After GC invocations=22 (full 0):
 garbage-first heap   total reserved 3121152K, committed 139264K, used 56564K [0x0000000741800000, 0x0000000800000000)
  region size 2048K, 4 young (8192K), 4 survivors (8192K)
}

